
     Program PHONON    v.4.1a   starts ...
     Today is 15Jul2009 at 21:10:11 

     Ultrasoft (Vanderbilt) Pseudopotentials

     Calculation of q =    0.0000000   0.0000000   1.0000000


     bravais-lattice index     =            2
     lattice parameter (a_0)   =      10.1870  a.u.
     unit-cell volume          =     264.2889 (a.u.)^3
     number of atoms/cell      =            2
     number of atomic types    =            1
     number of electrons       =         8.00
     number of Kohn-Sham states=            4
     kinetic-energy cutoff     =      16.0000  Ry
     charge density cutoff     =      64.0000  Ry
     Exchange-correlation      = LDA (1100)

     celldm(1)=  10.187000  celldm(2)=   0.000000  celldm(3)=   0.000000
     celldm(4)=   0.000000  celldm(5)=   0.000000  celldm(6)=   0.000000

     crystal axes: (cart. coord. in units of a_0)
               a(1) = ( -0.500000  0.000000  0.500000 )  
               a(2) = (  0.000000  0.500000  0.500000 )  
               a(3) = ( -0.500000  0.500000  0.000000 )  

     reciprocal axes: (cart. coord. in units 2 pi/a_0)
               b(1) = ( -1.000000 -1.000000  1.000000 )  
               b(2) = (  1.000000  1.000000  1.000000 )  
               b(3) = ( -1.000000  1.000000 -1.000000 )  


     PseudoPot. # 1 for Si read from file Si.pz-rrkj.UPF
     Pseudo is Norm-conserving, Zval =  4.0
     Generated using "atomic" code by A. Dal Corso (espresso distribution)
     Using radial grid of 1141 points,  2 beta functions with: 
                l(1) =   0
                l(2) =   1

     atomic species   valence    mass     pseudopotential
        Si             4.00    28.08550     Si( 1.00)

     48 Sym.Ops. (with inversion)


   Cartesian axes

     site n.     atom                  positions (a_0 units)
         1           Si  tau(  1) = (   0.0000000   0.0000000   0.0000000  )
         2           Si  tau(  2) = (   0.2500000   0.2500000   0.2500000  )

     number of k points=   40
                       cart. coord. in units 2pi/a_0
        k(    1) = (  -0.1250000   0.1250000   0.1250000), wk =   0.0625000
        k(    2) = (  -0.1250000   0.1250000   1.1250000), wk =   0.0000000
        k(    3) = (  -0.3750000   0.3750000  -0.1250000), wk =   0.0625000
        k(    4) = (  -0.3750000   0.3750000   0.8750000), wk =   0.0000000
        k(    5) = (   0.3750000  -0.3750000   0.6250000), wk =   0.0625000
        k(    6) = (   0.3750000  -0.3750000   1.6250000), wk =   0.0000000
        k(    7) = (   0.1250000  -0.1250000   0.3750000), wk =   0.0625000
        k(    8) = (   0.1250000  -0.1250000   1.3750000), wk =   0.0000000
        k(    9) = (  -0.1250000   0.6250000   0.1250000), wk =   0.1250000
        k(   10) = (  -0.1250000   0.6250000   1.1250000), wk =   0.0000000
        k(   11) = (   0.6250000  -0.1250000   0.8750000), wk =   0.1250000
        k(   12) = (   0.6250000  -0.1250000   1.8750000), wk =   0.0000000
        k(   13) = (   0.3750000   0.1250000   0.6250000), wk =   0.1250000
        k(   14) = (   0.3750000   0.1250000   1.6250000), wk =   0.0000000
        k(   15) = (  -0.1250000  -0.8750000   0.1250000), wk =   0.1250000
        k(   16) = (  -0.1250000  -0.8750000   1.1250000), wk =   0.0000000
        k(   17) = (  -0.3750000   0.3750000   0.3750000), wk =   0.0625000
        k(   18) = (  -0.3750000   0.3750000   1.3750000), wk =   0.0000000
        k(   19) = (   0.3750000  -0.3750000   1.1250000), wk =   0.0625000
        k(   20) = (   0.3750000  -0.3750000   2.1250000), wk =   0.0000000
        k(   21) = (   0.3750000  -0.1250000  -0.3750000), wk =   0.1250000
        k(   22) = (   0.3750000  -0.1250000   0.6250000), wk =   0.0000000
        k(   23) = (  -0.3750000   0.6250000   0.3750000), wk =   0.1250000
        k(   24) = (  -0.3750000   0.6250000   1.3750000), wk =   0.0000000
        k(   25) = (  -0.1250000   0.3750000   0.1250000), wk =   0.1250000
        k(   26) = (  -0.1250000   0.3750000   1.1250000), wk =   0.0000000
        k(   27) = (   0.1250000  -0.1250000   0.6250000), wk =   0.0625000
        k(   28) = (   0.1250000  -0.1250000   1.6250000), wk =   0.0000000
        k(   29) = (  -0.1250000   0.8750000   0.6250000), wk =   0.1250000
        k(   30) = (  -0.1250000   0.8750000   1.6250000), wk =   0.0000000
        k(   31) = (   0.8750000   0.6250000  -0.1250000), wk =   0.1250000
        k(   32) = (   0.8750000   0.6250000   0.8750000), wk =   0.0000000
        k(   33) = (   0.1250000   0.6250000   0.3750000), wk =   0.1250000
        k(   34) = (   0.1250000   0.6250000   1.3750000), wk =   0.0000000
        k(   35) = (   0.6250000   0.3750000   0.1250000), wk =   0.1250000
        k(   36) = (   0.6250000   0.3750000   1.1250000), wk =   0.0000000
        k(   37) = (   0.1250000  -0.1250000  -0.8750000), wk =   0.0625000
        k(   38) = (   0.1250000  -0.1250000   0.1250000), wk =   0.0000000
        k(   39) = (  -0.3750000   1.1250000   0.3750000), wk =   0.1250000
        k(   40) = (  -0.3750000   1.1250000   1.3750000), wk =   0.0000000

     G cutoff =  168.2336  (   2277 G-vectors)     FFT grid: ( 20, 20, 20)

     Largest allocated arrays     est. size (Mb)     dimensions
        Kohn-Sham Wavefunctions         0.02 Mb     (    295,   4)
        NL pseudopotentials             0.04 Mb     (    295,   8)
        Each V/rho on FFT grid          0.12 Mb     (   8000)
        Each G-vector array             0.02 Mb     (   2277)
        G-vector shells                 0.00 Mb     (     58)
     Largest temporary arrays     est. size (Mb)     dimensions
        Auxiliary wavefunctions         0.07 Mb     (    295,  16)
        Each subspace H/S matrix        0.00 Mb     (     16,  16)
        Each <psi_i|beta_j> matrix      0.00 Mb     (      8,   4)

     The potential is recalculated from file :
     tmp//_phsi.save/charge-density.dat

     Starting wfc are    8 atomic wfcs

     total cpu time spent up to now is      0.06 secs

     per-process dynamical memory:     1.4 Mb

     Band Structure Calculation
     Davidson diagonalization with overlap

     ethr =  1.25E-10,  avg # of iterations = 11.4

     total cpu time spent up to now is      0.87 secs

     End of band structure calculation

          k =-0.1250 0.1250 0.1250     band energies (ev):

    -5.6232   4.6588   5.9737   5.9737

          k =-0.1250 0.1250 1.1250     band energies (ev):

    -2.4647  -0.5910   2.7503   3.5364

          k =-0.3750 0.3750-0.1250     band energies (ev):

    -4.5459   1.6016   3.9081   5.4848

          k =-0.3750 0.3750 0.8750     band energies (ev):

    -2.8307  -0.4331   2.1812   4.3495

          k = 0.3750-0.3750 0.6250     band energies (ev):

    -3.3375  -0.5695   3.9530   4.6830

          k = 0.3750-0.3750 1.6250     band energies (ev):

    -4.0837   0.2447   5.1668   5.1668

          k = 0.1250-0.1250 0.3750     band energies (ev):

    -5.0665   3.0252   4.9219   5.0065

          k = 0.1250-0.1250 1.3750     band energies (ev):

    -3.9958   1.3190   3.5381   4.0176

          k =-0.1250 0.6250 0.1250     band energies (ev):

    -3.9958   1.3190   3.5381   4.0176

          k =-0.1250 0.6250 1.1250     band energies (ev):

    -2.2736  -0.7018   2.1036   3.2360

          k = 0.6250-0.1250 0.8750     band energies (ev):

    -2.2736  -0.7018   2.1036   3.2360

          k = 0.6250-0.1250 1.8750     band energies (ev):

    -3.9958   1.3190   3.5381   4.0176

          k = 0.3750 0.1250 0.6250     band energies (ev):

    -3.5559   0.3815   2.8752   4.2972

          k = 0.3750 0.1250 1.6250     band energies (ev):

    -4.5459   1.6016   3.9081   5.4848

          k =-0.1250-0.8750 0.1250     band energies (ev):

    -2.4647  -0.5910   2.7503   3.5364

          k =-0.1250-0.8750 1.1250     band energies (ev):

    -2.4647  -0.5910   2.7503   3.5364

          k =-0.3750 0.3750 0.3750     band energies (ev):

    -4.0837   0.2447   5.1668   5.1668

          k =-0.3750 0.3750 1.3750     band energies (ev):

    -3.3375  -0.5695   3.9530   4.6830

          k = 0.3750-0.3750 1.1250     band energies (ev):

    -2.8307  -0.4331   2.1812   4.3495

          k = 0.3750-0.3750 2.1250     band energies (ev):

    -4.5459   1.6016   3.9081   5.4848

          k = 0.3750-0.1250-0.3750     band energies (ev):

    -4.5459   1.6016   3.9081   5.4848

          k = 0.3750-0.1250 0.6250     band energies (ev):

    -3.5559   0.3815   2.8752   4.2972

          k =-0.3750 0.6250 0.3750     band energies (ev):

    -3.3375  -0.5695   3.9530   4.6830

          k =-0.3750 0.6250 1.3750     band energies (ev):

    -3.3375  -0.5695   3.9530   4.6830

          k =-0.1250 0.3750 0.1250     band energies (ev):

    -5.0665   3.0252   4.9219   5.0065

          k =-0.1250 0.3750 1.1250     band energies (ev):

    -2.2736  -0.7018   2.1036   3.2360

          k = 0.1250-0.1250 0.6250     band energies (ev):

    -3.9958   1.3190   3.5381   4.0176

          k = 0.1250-0.1250 1.6250     band energies (ev):

    -5.0665   3.0252   4.9219   5.0065

          k =-0.1250 0.8750 0.6250     band energies (ev):

    -2.2736  -0.7018   2.1036   3.2360

          k =-0.1250 0.8750 1.6250     band energies (ev):

    -2.2736  -0.7018   2.1036   3.2360

          k = 0.8750 0.6250-0.1250     band energies (ev):

    -2.2736  -0.7018   2.1036   3.2360

          k = 0.8750 0.6250 0.8750     band energies (ev):

    -5.0665   3.0252   4.9219   5.0065

          k = 0.1250 0.6250 0.3750     band energies (ev):

    -3.5559   0.3815   2.8752   4.2972

          k = 0.1250 0.6250 1.3750     band energies (ev):

    -2.8307  -0.4331   2.1812   4.3495

          k = 0.6250 0.3750 0.1250     band energies (ev):

    -3.5559   0.3815   2.8752   4.2972

          k = 0.6250 0.3750 1.1250     band energies (ev):

    -3.5559   0.3815   2.8752   4.2972

          k = 0.1250-0.1250-0.8750     band energies (ev):

    -2.4647  -0.5910   2.7503   3.5364

          k = 0.1250-0.1250 0.1250     band energies (ev):

    -5.6232   4.6588   5.9737   5.9737

          k =-0.3750 1.1250 0.3750     band energies (ev):

    -2.8307  -0.4331   2.1812   4.3495

          k =-0.3750 1.1250 1.3750     band energies (ev):

    -3.5559   0.3815   2.8752   4.2972

     Writing output data file si.save

                                                                                

     bravais-lattice index     =            2
     lattice parameter (a_0)   =      10.1870  a.u.
     unit-cell volume          =     264.2889 (a.u.)^3
     number of atoms/cell      =            2
     number of atomic types    =            1
     kinetic-energy cut-off    =      16.0000  Ry
     charge density cut-off    =      64.0000  Ry
     convergence threshold     =      1.0E-14
     beta                      =       0.7000
     number of iterations used =            4
     Exchange-correlation      = LDA (1100)


     celldm(1)=   10.18700  celldm(2)=    0.00000  celldm(3)=    0.00000
     celldm(4)=    0.00000  celldm(5)=    0.00000  celldm(6)=    0.00000

     crystal axes: (cart. coord. in units of a_0)
               a(1) = ( -0.5000  0.0000  0.5000 )  
               a(2) = (  0.0000  0.5000  0.5000 )  
               a(3) = ( -0.5000  0.5000  0.0000 )  

     reciprocal axes: (cart. coord. in units 2 pi/a_0)
               b(1) = ( -1.0000 -1.0000  1.0000 )  
               b(2) = (  1.0000  1.0000  1.0000 )  
               b(3) = ( -1.0000  1.0000 -1.0000 )  


     Atoms inside the unit cell: 

   Cartesian axes

     site n.  atom      mass           positions (a_0 units)
        1        Si  28.0855   tau( 1) = (    0.00000    0.00000    0.00000  )
        2        Si  28.0855   tau( 2) = (    0.25000    0.25000    0.25000  )

     Computing dynamical matrix for 
                    q = (   0.0000000   0.0000000   1.0000000 )
 
     17 Sym.Ops. (with q -> -q+G )


     G cutoff =  168.2336  (   2277 G-vectors)     FFT grid: ( 20, 20, 20)
     number of k points=   40
                       cart. coord. in units 2pi/a_0
        k(    1) = (  -0.1250000   0.1250000   0.1250000), wk =   0.0625000
        k(    2) = (  -0.1250000   0.1250000   1.1250000), wk =   0.0000000
        k(    3) = (  -0.3750000   0.3750000  -0.1250000), wk =   0.0625000
        k(    4) = (  -0.3750000   0.3750000   0.8750000), wk =   0.0000000
        k(    5) = (   0.3750000  -0.3750000   0.6250000), wk =   0.0625000
        k(    6) = (   0.3750000  -0.3750000   1.6250000), wk =   0.0000000
        k(    7) = (   0.1250000  -0.1250000   0.3750000), wk =   0.0625000
        k(    8) = (   0.1250000  -0.1250000   1.3750000), wk =   0.0000000
        k(    9) = (  -0.1250000   0.6250000   0.1250000), wk =   0.1250000
        k(   10) = (  -0.1250000   0.6250000   1.1250000), wk =   0.0000000
        k(   11) = (   0.6250000  -0.1250000   0.8750000), wk =   0.1250000
        k(   12) = (   0.6250000  -0.1250000   1.8750000), wk =   0.0000000
        k(   13) = (   0.3750000   0.1250000   0.6250000), wk =   0.1250000
        k(   14) = (   0.3750000   0.1250000   1.6250000), wk =   0.0000000
        k(   15) = (  -0.1250000  -0.8750000   0.1250000), wk =   0.1250000
        k(   16) = (  -0.1250000  -0.8750000   1.1250000), wk =   0.0000000
        k(   17) = (  -0.3750000   0.3750000   0.3750000), wk =   0.0625000
        k(   18) = (  -0.3750000   0.3750000   1.3750000), wk =   0.0000000
        k(   19) = (   0.3750000  -0.3750000   1.1250000), wk =   0.0625000
        k(   20) = (   0.3750000  -0.3750000   2.1250000), wk =   0.0000000
        k(   21) = (   0.3750000  -0.1250000  -0.3750000), wk =   0.1250000
        k(   22) = (   0.3750000  -0.1250000   0.6250000), wk =   0.0000000
        k(   23) = (  -0.3750000   0.6250000   0.3750000), wk =   0.1250000
        k(   24) = (  -0.3750000   0.6250000   1.3750000), wk =   0.0000000
        k(   25) = (  -0.1250000   0.3750000   0.1250000), wk =   0.1250000
        k(   26) = (  -0.1250000   0.3750000   1.1250000), wk =   0.0000000
        k(   27) = (   0.1250000  -0.1250000   0.6250000), wk =   0.0625000
        k(   28) = (   0.1250000  -0.1250000   1.6250000), wk =   0.0000000
        k(   29) = (  -0.1250000   0.8750000   0.6250000), wk =   0.1250000
        k(   30) = (  -0.1250000   0.8750000   1.6250000), wk =   0.0000000
        k(   31) = (   0.8750000   0.6250000  -0.1250000), wk =   0.1250000
        k(   32) = (   0.8750000   0.6250000   0.8750000), wk =   0.0000000
        k(   33) = (   0.1250000   0.6250000   0.3750000), wk =   0.1250000
        k(   34) = (   0.1250000   0.6250000   1.3750000), wk =   0.0000000
        k(   35) = (   0.6250000   0.3750000   0.1250000), wk =   0.1250000
        k(   36) = (   0.6250000   0.3750000   1.1250000), wk =   0.0000000
        k(   37) = (   0.1250000  -0.1250000  -0.8750000), wk =   0.0625000
        k(   38) = (   0.1250000  -0.1250000   0.1250000), wk =   0.0000000
        k(   39) = (  -0.3750000   1.1250000   0.3750000), wk =   0.1250000
        k(   40) = (  -0.3750000   1.1250000   1.3750000), wk =   0.0000000

     PseudoPot. # 1 for Si read from file Si.pz-rrkj.UPF
     Pseudo is Norm-conserving, Zval =  4.0
     Generated using "atomic" code by A. Dal Corso (espresso distribution)
     Using radial grid of 1141 points,  2 beta functions with: 
                l(1) =   0
                l(2) =   1


     Atomic displacements:
     There are   3 irreducible representations

     Representation     1      2 modes - To be done

     Representation     2      2 modes - To be done

     Representation     3      2 modes - To be done
     PHONON       :     1.34s CPU time,    1.35s wall time


     Alpha used in Ewald sum =   0.7000


     Representation #  1 modes #   1  2

     Self-consistent Calculation

      iter #   1 total cpu time :     1.8 secs   av.it.:   5.5
      thresh= 0.100E-01 alpha_mix =  0.700 |ddv_scf|^2 =  0.188E-04

      iter #   2 total cpu time :     2.5 secs   av.it.:   8.9
      thresh= 0.434E-03 alpha_mix =  0.700 |ddv_scf|^2 =  0.258E-04

      iter #   3 total cpu time :     3.1 secs   av.it.:   8.2
      thresh= 0.508E-03 alpha_mix =  0.700 |ddv_scf|^2 =  0.481E-08

      iter #   4 total cpu time :     3.8 secs   av.it.:   8.8
      thresh= 0.694E-05 alpha_mix =  0.700 |ddv_scf|^2 =  0.771E-10

      iter #   5 total cpu time :     4.4 secs   av.it.:   8.6
      thresh= 0.878E-06 alpha_mix =  0.700 |ddv_scf|^2 =  0.209E-11

      iter #   6 total cpu time :     5.1 secs   av.it.:   8.4
      thresh= 0.145E-06 alpha_mix =  0.700 |ddv_scf|^2 =  0.562E-14

     End of self-consistent calculation

     Convergence has been achieved 


     Representation #  2 modes #   3  4

     Self-consistent Calculation

      iter #   1 total cpu time :     5.5 secs   av.it.:   4.3
      thresh= 0.100E-01 alpha_mix =  0.700 |ddv_scf|^2 =  0.123E-07

      iter #   2 total cpu time :     6.2 secs   av.it.:   9.1
      thresh= 0.111E-04 alpha_mix =  0.700 |ddv_scf|^2 =  0.580E-09

      iter #   3 total cpu time :     6.8 secs   av.it.:   8.3
      thresh= 0.241E-05 alpha_mix =  0.700 |ddv_scf|^2 =  0.199E-10

      iter #   4 total cpu time :     7.4 secs   av.it.:   8.4
      thresh= 0.446E-06 alpha_mix =  0.700 |ddv_scf|^2 =  0.267E-13

      iter #   5 total cpu time :     8.1 secs   av.it.:   9.2
      thresh= 0.163E-07 alpha_mix =  0.700 |ddv_scf|^2 =  0.502E-16

     End of self-consistent calculation

     Convergence has been achieved 


     Representation #  3 modes #   5  6

     Self-consistent Calculation

      iter #   1 total cpu time :     8.6 secs   av.it.:   5.4
      thresh= 0.100E-01 alpha_mix =  0.700 |ddv_scf|^2 =  0.394E-05

      iter #   2 total cpu time :     9.3 secs   av.it.:   9.0
      thresh= 0.199E-03 alpha_mix =  0.700 |ddv_scf|^2 =  0.110E-05

      iter #   3 total cpu time :     9.9 secs   av.it.:   8.6
      thresh= 0.105E-03 alpha_mix =  0.700 |ddv_scf|^2 =  0.183E-09

      iter #   4 total cpu time :    10.6 secs   av.it.:   8.4
      thresh= 0.135E-05 alpha_mix =  0.700 |ddv_scf|^2 =  0.162E-11

      iter #   5 total cpu time :    11.2 secs   av.it.:   8.4
      thresh= 0.127E-06 alpha_mix =  0.700 |ddv_scf|^2 =  0.422E-14

     End of self-consistent calculation

     Convergence has been achieved 
 
     Number of q in the star =    3
     List of q in the star:
          1   0.000000000   0.000000000   1.000000000
          2   0.000000000   1.000000000   0.000000000
          3   1.000000000   0.000000000   0.000000000

     Diagonalizing the dynamical matrix

     q = (    0.000000000   0.000000000   1.000000000 ) 

 **************************************************************************
     omega( 1) =       4.277726 [THz] =     142.690540 [cm-1]
     omega( 2) =       4.277726 [THz] =     142.690540 [cm-1]
     omega( 3) =      12.406758 [THz] =     413.847650 [cm-1]
     omega( 4) =      12.406758 [THz] =     413.847650 [cm-1]
     omega( 5) =      14.003069 [THz] =     467.095223 [cm-1]
     omega( 6) =      14.003069 [THz] =     467.095223 [cm-1]
 **************************************************************************
 
     PWSCF        :    10.86s CPU
     init_run     :     0.06s CPU
     electrons    :     0.81s CPU

     Called by init_run:
     wfcinit      :     0.00s CPU
     potinit      :     0.00s CPU

     Called by electrons:
     c_bands      :     0.81s CPU
     v_of_rho     :     0.00s CPU (       2 calls,   0.000 s avg)

     Called by c_bands:
     init_us_2    :     0.02s CPU (     460 calls,   0.000 s avg)
     cegterg      :     0.72s CPU (      40 calls,   0.018 s avg)

     Called by *egterg:
     h_psi        :     0.68s CPU (     536 calls,   0.001 s avg)
     g_psi        :     0.00s CPU (     456 calls,   0.000 s avg)
     cdiaghg      :     0.04s CPU (     496 calls,   0.000 s avg)

     Called by h_psi:
     add_vuspsi   :     0.10s CPU (    6461 calls,   0.000 s avg)

     General routines
     calbec       :     0.26s CPU (   13066 calls,   0.000 s avg)
     cft3         :     0.01s CPU (     103 calls,   0.000 s avg)
     cft3s        :     8.60s CPU (   57220 calls,   0.000 s avg)
     davcio       :     0.00s CPU (    2750 calls,   0.000 s avg)
 
 
     PHONON       :    11.21s CPU time,   11.33s wall time

     INITIALIZATION: 
     phq_setup    :     0.00s CPU
     phq_init     :     0.03s CPU
 
     phq_init     :     0.03s CPU
     init_vloc    :     0.01s CPU (       2 calls,   0.004 s avg)
     init_us_1    :     0.05s CPU (       2 calls,   0.026 s avg)
 
     DYNAMICAL MATRIX:
     dynmat0      :     0.01s CPU
     phqscf       :     9.86s CPU
     dynmatrix    :     0.00s CPU
 
     phqscf       :     9.86s CPU
     solve_linter :     9.82s CPU (       3 calls,   3.275 s avg)
     drhodv       :     0.02s CPU (       3 calls,   0.008 s avg)
 
     dynmat0      :     0.01s CPU
     dynmat_us    :     0.01s CPU
     d2ionq       :     0.00s CPU
 
     dynmat_us    :     0.01s CPU
 
     phqscf       :     9.86s CPU
     solve_linter :     9.82s CPU (       3 calls,   3.275 s avg)
 
     solve_linter :     9.82s CPU (       3 calls,   3.275 s avg)
     dvqpsi_us    :     0.18s CPU (     120 calls,   0.001 s avg)
     ortho        :     0.02s CPU (     640 calls,   0.000 s avg)
     cgsolve      :     7.73s CPU (     640 calls,   0.012 s avg)
     incdrhoscf   :     0.96s CPU (     640 calls,   0.002 s avg)
     vpsifft      :     0.71s CPU (     520 calls,   0.001 s avg)
     dv_of_drho   :     0.02s CPU (      32 calls,   0.001 s avg)
     mix_pot      :     0.02s CPU (      16 calls,   0.001 s avg)
     symdvscf     :     0.11s CPU (      16 calls,   0.007 s avg)
 
     dvqpsi_us    :     0.18s CPU (     120 calls,   0.001 s avg)
     dvqpsi_us_on :     0.02s CPU (     120 calls,   0.000 s avg)
 
     cgsolve      :     7.73s CPU (     640 calls,   0.012 s avg)
     ch_psi       :     7.61s CPU (    5925 calls,   0.001 s avg)
 
     ch_psi       :     7.61s CPU (    5925 calls,   0.001 s avg)
     h_psiq       :     7.25s CPU (    5925 calls,   0.001 s avg)
     last         :     0.31s CPU (    5925 calls,   0.000 s avg)
 
     h_psiq       :     7.25s CPU (    5925 calls,   0.001 s avg)
     firstfft     :     3.38s CPU (   21407 calls,   0.000 s avg)
     secondfft    :     3.29s CPU (   21407 calls,   0.000 s avg)
     add_vuspsi   :     0.10s CPU (    6461 calls,   0.000 s avg)
 
     incdrhoscf   :     0.96s CPU (     640 calls,   0.002 s avg)
 
 
      General routines
     calbec       :     0.26s CPU (   13066 calls,   0.000 s avg)
     cft3         :     0.01s CPU (     103 calls,   0.000 s avg)
     cft3s        :     8.60s CPU (   57220 calls,   0.000 s avg)
     davcio       :     0.00s CPU (    2750 calls,   0.000 s avg)
     write_rec    :     0.05s CPU (      19 calls,   0.003 s avg)
 
