     diagonalizing the dynamical matrix ...

 q =       0.0000      0.0000      0.0000
 **************************************************************************
     freq (    1) =      -0.000000 [THz] =      -0.000005 [cm-1]
 ( -0.572321   0.000000     0.415269   0.000000     0.000000   0.000000   )
 ( -0.572321   0.000000     0.415269   0.000000     0.000000   0.000000   )
     freq (    2) =      -0.000000 [THz] =      -0.000002 [cm-1]
 (  0.000000  -0.000000     0.000000  -0.000000    -0.707107   0.000000   )
 (  0.000000   0.000000     0.000000   0.000000    -0.707107   0.000000   )
     freq (    3) =       0.000000 [THz] =       0.000003 [cm-1]
 (  0.415269  -0.000000     0.572321   0.000000     0.000000   0.000000   )
 (  0.415269  -0.000000     0.572321  -0.000000     0.000000   0.000000   )
     freq (    4) =      11.219548 [THz] =     374.243850 [cm-1]
 (  0.000000   0.000000     0.940852   0.000000     0.000000   0.000000   )
 ( -0.000000   0.000000    -0.338817   0.000000     0.000000   0.000000   )
     freq (    5) =      11.219548 [THz] =     374.243850 [cm-1]
 (  0.000000   0.000000     0.000000   0.000000    -0.940852   0.000000   )
 (  0.000000   0.000000     0.000000   0.000000     0.338817   0.000000   )
     freq (    6) =      12.311582 [THz] =     410.670158 [cm-1]
 (  0.940852   0.000000    -0.000000   0.000000     0.000000   0.000000   )
 ( -0.338817   0.000000     0.000000   0.000000     0.000000   0.000000   )
 **************************************************************************
