
     Program PHONON    v.4.1a   starts ...
     Today is 13Jul2009 at 18:17:19 

     Ultrasoft (Vanderbilt) Pseudopotentials

                                                                                

     bravais-lattice index     =            2
     lattice parameter (a_0)   =      10.1870  a.u.
     unit-cell volume          =     264.2889 (a.u.)^3
     number of atoms/cell      =            2
     number of atomic types    =            1
     kinetic-energy cut-off    =      16.0000  Ry
     charge density cut-off    =      64.0000  Ry
     convergence threshold     =      1.0E-14
     beta                      =       0.7000
     number of iterations used =            4
     Exchange-correlation      = LDA (1100)


     celldm(1)=   10.18700  celldm(2)=    0.00000  celldm(3)=    0.00000
     celldm(4)=    0.00000  celldm(5)=    0.00000  celldm(6)=    0.00000

     crystal axes: (cart. coord. in units of a_0)
               a(1) = ( -0.5000  0.0000  0.5000 )  
               a(2) = (  0.0000  0.5000  0.5000 )  
               a(3) = ( -0.5000  0.5000  0.0000 )  

     reciprocal axes: (cart. coord. in units 2 pi/a_0)
               b(1) = ( -1.0000 -1.0000  1.0000 )  
               b(2) = (  1.0000  1.0000  1.0000 )  
               b(3) = ( -1.0000  1.0000 -1.0000 )  


     Atoms inside the unit cell: 

   Cartesian axes

     site n.  atom      mass           positions (a_0 units)
        1        Si  28.0855   tau( 1) = (    0.00000    0.00000    0.00000  )
        2        Si  28.0855   tau( 2) = (    0.25000    0.25000    0.25000  )

     Computing dynamical matrix for 
                    q = (   0.0000000   0.0000000   0.0000000 )
 
     49 Sym.Ops. (with q -> -q+G )


     G cutoff =  168.2336  (   2277 G-vectors)     FFT grid: ( 20, 20, 20)
     number of k points=   10
                       cart. coord. in units 2pi/a_0
        k(    1) = (  -0.1250000   0.1250000   0.1250000), wk =   0.0625000
        k(    2) = (  -0.3750000   0.3750000  -0.1250000), wk =   0.1875000
        k(    3) = (   0.3750000  -0.3750000   0.6250000), wk =   0.1875000
        k(    4) = (   0.1250000  -0.1250000   0.3750000), wk =   0.1875000
        k(    5) = (  -0.1250000   0.6250000   0.1250000), wk =   0.1875000
        k(    6) = (   0.6250000  -0.1250000   0.8750000), wk =   0.3750000
        k(    7) = (   0.3750000   0.1250000   0.6250000), wk =   0.3750000
        k(    8) = (  -0.1250000  -0.8750000   0.1250000), wk =   0.1875000
        k(    9) = (  -0.3750000   0.3750000   0.3750000), wk =   0.0625000
        k(   10) = (   0.3750000  -0.3750000   1.1250000), wk =   0.1875000

     PseudoPot. # 1 for Si read from file Si.pz-rrkj.UPF
     Pseudo is Norm-conserving, Zval =  4.0
     Generated using "atomic" code by A. Dal Corso (espresso distribution)
     Using radial grid of 1141 points,  2 beta functions with: 
                l(1) =   0
                l(2) =   1


     Electric field:
     Dielectric constant
     Born effective charges


     Atomic displacements:
     There are   2 irreducible representations

     Representation     1      3 modes -T_1u G_15  G_4- To be done

     Representation     2      3 modes -T_2g G_25' G_5+ To be done
     PHONON       :     0.40s CPU time,    0.67s wall time


     Alpha used in Ewald sum =   0.7000

     Electric Fields Calculation

      iter #   1 total cpu time :     1.5 secs   av.it.:   5.6
      thresh= 0.100E-01 alpha_mix =  0.700 |ddv_scf|^2 =  0.905E-06

      iter #   2 total cpu time :     2.0 secs   av.it.:   9.5
      thresh= 0.952E-04 alpha_mix =  0.700 |ddv_scf|^2 =  0.352E-07

      iter #   3 total cpu time :     2.5 secs   av.it.:   9.4
      thresh= 0.188E-04 alpha_mix =  0.700 |ddv_scf|^2 =  0.348E-09

      iter #   4 total cpu time :     3.0 secs   av.it.:   9.5
      thresh= 0.186E-05 alpha_mix =  0.700 |ddv_scf|^2 =  0.148E-11

      iter #   5 total cpu time :     3.5 secs   av.it.:   9.0
      thresh= 0.122E-06 alpha_mix =  0.700 |ddv_scf|^2 =  0.205E-14

     End of electric fields calculation

          Dielectric constant in cartesian axis 

          (      13.997816077       0.000000000       0.000000000 )
          (       0.000000000      13.997816077       0.000000000 )
          (       0.000000000       0.000000000      13.997816077 )

          Effective charges (d Force / dE) in cartesian axis

           atom      1   Si 
      Ex  (       -0.07434        0.00000        0.00000 )
      Ey  (        0.00000       -0.07434        0.00000 )
      Ez  (        0.00000        0.00000       -0.07434 )
           atom      2   Si 
      Ex  (       -0.07434        0.00000        0.00000 )
      Ey  (        0.00000       -0.07434        0.00000 )
      Ez  (        0.00000        0.00000       -0.07434 )


     Representation #  1 modes #   1  2  3

     Self-consistent Calculation

      iter #   1 total cpu time :     3.9 secs   av.it.:   5.1
      thresh= 0.100E-01 alpha_mix =  0.700 |ddv_scf|^2 =  0.133E-06

      iter #   2 total cpu time :     4.4 secs   av.it.:   9.5
      thresh= 0.365E-04 alpha_mix =  0.700 |ddv_scf|^2 =  0.478E-08

      iter #   3 total cpu time :     4.9 secs   av.it.:   9.3
      thresh= 0.691E-05 alpha_mix =  0.700 |ddv_scf|^2 =  0.463E-10

      iter #   4 total cpu time :     5.4 secs   av.it.:   9.2
      thresh= 0.680E-06 alpha_mix =  0.700 |ddv_scf|^2 =  0.104E-12

      iter #   5 total cpu time :     6.0 secs   av.it.:   9.5
      thresh= 0.323E-07 alpha_mix =  0.700 |ddv_scf|^2 =  0.189E-14

     End of self-consistent calculation

     Convergence has been achieved 


     Representation #  2 modes #   4  5  6

     Self-consistent Calculation

      iter #   1 total cpu time :     6.3 secs   av.it.:   5.0
      thresh= 0.100E-01 alpha_mix =  0.700 |ddv_scf|^2 =  0.190E-06

      iter #   2 total cpu time :     6.8 secs   av.it.:   9.4
      thresh= 0.436E-04 alpha_mix =  0.700 |ddv_scf|^2 =  0.339E-08

      iter #   3 total cpu time :     7.3 secs   av.it.:   9.4
      thresh= 0.582E-05 alpha_mix =  0.700 |ddv_scf|^2 =  0.336E-10

      iter #   4 total cpu time :     7.8 secs   av.it.:   8.7
      thresh= 0.580E-06 alpha_mix =  0.700 |ddv_scf|^2 =  0.300E-13

      iter #   5 total cpu time :     8.3 secs   av.it.:   9.4
      thresh= 0.173E-07 alpha_mix =  0.700 |ddv_scf|^2 =  0.284E-15

     End of self-consistent calculation

     Convergence has been achieved 
 
     Number of q in the star =    1
     List of q in the star:
          1   0.000000000   0.000000000   0.000000000

          Dielectric constant in cartesian axis 

          (       13.99782        0.00000        0.00000 )
          (        0.00000       13.99782        0.00000 )
          (        0.00000        0.00000       13.99782 )

          Effective charges (d Force / dE) in cartesian axis

           atom      1   Si 
      Ex  (       -0.07434        0.00000        0.00000 )
      Ey  (        0.00000       -0.07434        0.00000 )
      Ez  (        0.00000        0.00000       -0.07434 )
           atom      2   Si 
      Ex  (       -0.07434        0.00000        0.00000 )
      Ey  (        0.00000       -0.07434        0.00000 )
      Ez  (        0.00000        0.00000       -0.07434 )

     Diagonalizing the dynamical matrix

     q = (    0.000000000   0.000000000   0.000000000 ) 

 **************************************************************************
     omega( 1) =       0.081752 [THz] =       2.726975 [cm-1]
     omega( 2) =       0.081752 [THz] =       2.726975 [cm-1]
     omega( 3) =       0.081752 [THz] =       2.726975 [cm-1]
     omega( 4) =      15.549026 [THz] =     518.663131 [cm-1]
     omega( 5) =      15.549026 [THz] =     518.663131 [cm-1]
     omega( 6) =      15.549026 [THz] =     518.663131 [cm-1]
 **************************************************************************

     Mode symmetry, O_h (m-3m)  point group:

     omega(  1 -  3) =          2.7  [cm-1]   --> T_1u G_15  G_4- I  
     omega(  4 -  6) =        518.7  [cm-1]   --> T_2g G_25' G_5+ R  

 **************************************************************************
 
     PWSCF        :     7.98s CPU

     Called by init_run:

     Called by electrons:
     v_of_rho     :     0.00s CPU

     Called by c_bands:
     init_us_2    :     0.00s CPU (     200 calls,   0.000 s avg)

     Called by *egterg:

     Called by h_psi:
     add_vuspsi   :     0.08s CPU (    5040 calls,   0.000 s avg)

     General routines
     calbec       :     0.19s CPU (   10450 calls,   0.000 s avg)
     cft3         :     0.04s CPU (     139 calls,   0.000 s avg)
     cft3s        :     6.19s CPU (   43950 calls,   0.000 s avg)
     davcio       :     0.00s CPU (    1878 calls,   0.000 s avg)
 
 
     PHONON       :     8.34s CPU time,    8.76s wall time

     INITIALIZATION: 
     phq_setup    :     0.00s CPU
     phq_init     :     0.03s CPU
 
     phq_init     :     0.03s CPU
     init_vloc    :     0.00s CPU
     init_us_1    :     0.02s CPU
 
     DIELECTRIC CONSTANT AND EFFECTIVE CHARGES:
     solve_e      :     3.09s CPU
     dielec       :     0.00s CPU
     zstar_eu     :     0.10s CPU
 
     DYNAMICAL MATRIX:
     dynmat0      :     0.00s CPU
     phqscf       :     4.74s CPU
     dynmatrix    :     0.00s CPU
 
     phqscf       :     4.74s CPU
     solve_linter :     4.72s CPU (       2 calls,   2.362 s avg)
     drhodv       :     0.01s CPU (       2 calls,   0.006 s avg)
 
     dynmat0      :     0.00s CPU
     dynmat_us    :     0.00s CPU
     d2ionq       :     0.00s CPU
 
     dynmat_us    :     0.00s CPU
 
     phqscf       :     4.74s CPU
     solve_linter :     4.72s CPU (       2 calls,   2.362 s avg)
 
     solve_linter :     4.72s CPU (       2 calls,   2.362 s avg)
     dvqpsi_us    :     0.21s CPU (     120 calls,   0.002 s avg)
     ortho        :     0.00s CPU (     480 calls,   0.000 s avg)
     cgsolve      :     6.08s CPU (     480 calls,   0.013 s avg)
     incdrhoscf   :     0.63s CPU (     450 calls,   0.001 s avg)
     vpsifft      :     0.34s CPU (     240 calls,   0.001 s avg)
     dv_of_drho   :     0.04s CPU (      45 calls,   0.001 s avg)
     mix_pot      :     0.00s CPU (      15 calls,   0.000 s avg)
     symdvscf     :     0.28s CPU (      10 calls,   0.028 s avg)
 
     dvqpsi_us    :     0.21s CPU (     120 calls,   0.002 s avg)
     dvqpsi_us_on :     0.01s CPU (     120 calls,   0.000 s avg)
 
     cgsolve      :     6.08s CPU (     480 calls,   0.013 s avg)
     ch_psi       :     5.96s CPU (    5040 calls,   0.001 s avg)
 
     ch_psi       :     5.96s CPU (    5040 calls,   0.001 s avg)
     h_psiq       :     5.72s CPU (    5040 calls,   0.001 s avg)
     last         :     0.20s CPU (    5040 calls,   0.000 s avg)
 
     h_psiq       :     5.72s CPU (    5040 calls,   0.001 s avg)
     firstfft     :     2.60s CPU (   18189 calls,   0.000 s avg)
     secondfft    :     2.69s CPU (   18189 calls,   0.000 s avg)
     add_vuspsi   :     0.08s CPU (    5040 calls,   0.000 s avg)
 
     incdrhoscf   :     0.63s CPU (     450 calls,   0.001 s avg)
 
 
      General routines
     calbec       :     0.19s CPU (   10450 calls,   0.000 s avg)
     cft3         :     0.04s CPU (     139 calls,   0.000 s avg)
     cft3s        :     6.19s CPU (   43950 calls,   0.000 s avg)
     davcio       :     0.00s CPU (    1878 calls,   0.000 s avg)
     write_rec    :     0.06s CPU (      17 calls,   0.003 s avg)
 
