
     Program PHONON    v.4.1a   starts ...
     Today is 13Jul2009 at 18:43:11 

     Ultrasoft (Vanderbilt) Pseudopotentials

                                                                                

     bravais-lattice index     =            2
     lattice parameter (a_0)   =      10.5000  a.u.
     unit-cell volume          =     289.4062 (a.u.)^3
     number of atoms/cell      =            2
     number of atomic types    =            2
     kinetic-energy cut-off    =      16.0000  Ry
     charge density cut-off    =      64.0000  Ry
     convergence threshold     =      1.0E-14
     beta                      =       0.7000
     number of iterations used =            4
     Exchange-correlation      =  SLA  PZ   NOGX NOGC (1100)


     celldm(1)=   10.50000  celldm(2)=    0.00000  celldm(3)=    0.00000
     celldm(4)=    0.00000  celldm(5)=    0.00000  celldm(6)=    0.00000

     crystal axes: (cart. coord. in units of a_0)
               a(1) = ( -0.5000  0.0000  0.5000 )  
               a(2) = (  0.0000  0.5000  0.5000 )  
               a(3) = ( -0.5000  0.5000  0.0000 )  

     reciprocal axes: (cart. coord. in units 2 pi/a_0)
               b(1) = ( -1.0000 -1.0000  1.0000 )  
               b(2) = (  1.0000  1.0000  1.0000 )  
               b(3) = ( -1.0000  1.0000 -1.0000 )  


     Atoms inside the unit cell: 

   Cartesian axes

     site n.  atom      mass           positions (a_0 units)
        1        Al  26.9800   tau( 1) = (    0.00000    0.00000    0.00000  )
        2        As  74.9200   tau( 2) = (    0.25000    0.25000    0.25000  )

     Computing dynamical matrix for 
                    q = (   0.0000000   0.0000000   0.0000000 )
 
     25 Sym.Ops. (with q -> -q+G )


     G cutoff =  178.7306  (   2445 G-vectors)     FFT grid: ( 20, 20, 20)
     number of k points=   10
                       cart. coord. in units 2pi/a_0
        k(    1) = (  -0.1250000   0.1250000   0.1250000), wk =   0.0625000
        k(    2) = (  -0.3750000   0.3750000  -0.1250000), wk =   0.1875000
        k(    3) = (   0.3750000  -0.3750000   0.6250000), wk =   0.1875000
        k(    4) = (   0.1250000  -0.1250000   0.3750000), wk =   0.1875000
        k(    5) = (  -0.1250000   0.6250000   0.1250000), wk =   0.1875000
        k(    6) = (   0.6250000  -0.1250000   0.8750000), wk =   0.3750000
        k(    7) = (   0.3750000   0.1250000   0.6250000), wk =   0.3750000
        k(    8) = (  -0.1250000  -0.8750000   0.1250000), wk =   0.1875000
        k(    9) = (  -0.3750000   0.3750000   0.3750000), wk =   0.0625000
        k(   10) = (   0.3750000  -0.3750000   1.1250000), wk =   0.1875000

     PseudoPot. # 1 for Al read from file Al.pz-vbc.UPF
     Pseudo is Norm-conserving, Zval =  3.0
     Generated by new atomic code, or converted to UPF format
     Using radial grid of  171 points,  2 beta functions with: 
                l(1) =   0
                l(2) =   1

     PseudoPot. # 2 for As read from file As.pz-bhs.UPF
     Pseudo is Norm-conserving, Zval =  5.0
     Generated by new atomic code, or converted to UPF format
     Using radial grid of  525 points,  2 beta functions with: 
                l(1) =   0
                l(2) =   1


     Electric field:
     Dielectric constant
     Born effective charges


     Atomic displacements:
     There are   2 irreducible representations

     Representation     1      3 modes -T_2  G_15 P_4 To be done

     Representation     2      3 modes -T_2  G_15 P_4 To be done
     PHONON       :     0.30s CPU time,    0.31s wall time


     Alpha used in Ewald sum =   0.7000

     Electric Fields Calculation

      iter #   1 total cpu time :     1.5 secs   av.it.:   6.1
      thresh= 0.100E-01 alpha_mix =  0.700 |ddv_scf|^2 =  0.119E-05

      iter #   2 total cpu time :     2.0 secs   av.it.:  10.0
      thresh= 0.109E-03 alpha_mix =  0.700 |ddv_scf|^2 =  0.570E-07

      iter #   3 total cpu time :     2.5 secs   av.it.:   9.8
      thresh= 0.239E-04 alpha_mix =  0.700 |ddv_scf|^2 =  0.376E-09

      iter #   4 total cpu time :     3.0 secs   av.it.:  10.0
      thresh= 0.194E-05 alpha_mix =  0.700 |ddv_scf|^2 =  0.181E-11

      iter #   5 total cpu time :     3.5 secs   av.it.:   9.5
      thresh= 0.135E-06 alpha_mix =  0.700 |ddv_scf|^2 =  0.276E-13

      iter #   6 total cpu time :     4.0 secs   av.it.:   9.8
      thresh= 0.166E-07 alpha_mix =  0.700 |ddv_scf|^2 =  0.172E-15

     End of electric fields calculation

          Dielectric constant in cartesian axis 

          (       9.336122653       0.000000000       0.000000000 )
          (       0.000000000       9.336122653       0.000000000 )
          (       0.000000000       0.000000000       9.336122653 )

          Effective charges (d Force / dE) in cartesian axis

           atom      1   Al 
      Ex  (        2.12370        0.00000        0.00000 )
      Ey  (        0.00000        2.12370        0.00000 )
      Ez  (        0.00000        0.00000        2.12370 )
           atom      2   As 
      Ex  (       -2.17270        0.00000        0.00000 )
      Ey  (        0.00000       -2.17270        0.00000 )
      Ez  (        0.00000        0.00000       -2.17270 )


     Representation #  1 modes #   1  2  3

     Self-consistent Calculation

      iter #   1 total cpu time :     4.5 secs   av.it.:   5.9
      thresh= 0.100E-01 alpha_mix =  0.700 |ddv_scf|^2 =  0.459E-06

      iter #   2 total cpu time :     5.0 secs   av.it.:   9.9
      thresh= 0.678E-04 alpha_mix =  0.700 |ddv_scf|^2 =  0.218E-07

      iter #   3 total cpu time :     5.5 secs   av.it.:   9.8
      thresh= 0.148E-04 alpha_mix =  0.700 |ddv_scf|^2 =  0.377E-10

      iter #   4 total cpu time :     6.0 secs   av.it.:   9.8
      thresh= 0.614E-06 alpha_mix =  0.700 |ddv_scf|^2 =  0.587E-12

      iter #   5 total cpu time :     6.5 secs   av.it.:   9.6
      thresh= 0.766E-07 alpha_mix =  0.700 |ddv_scf|^2 =  0.705E-14

     End of self-consistent calculation

     Convergence has been achieved 


     Representation #  2 modes #   4  5  6

     Self-consistent Calculation

      iter #   1 total cpu time :     6.9 secs   av.it.:   4.9
      thresh= 0.100E-01 alpha_mix =  0.700 |ddv_scf|^2 =  0.292E-07

      iter #   2 total cpu time :     7.4 secs   av.it.:   9.9
      thresh= 0.171E-04 alpha_mix =  0.700 |ddv_scf|^2 =  0.338E-09

      iter #   3 total cpu time :     7.9 secs   av.it.:   9.5
      thresh= 0.184E-05 alpha_mix =  0.700 |ddv_scf|^2 =  0.308E-10

      iter #   4 total cpu time :     8.4 secs   av.it.:   9.4
      thresh= 0.555E-06 alpha_mix =  0.700 |ddv_scf|^2 =  0.137E-11

      iter #   5 total cpu time :     8.9 secs   av.it.:   9.7
      thresh= 0.117E-06 alpha_mix =  0.700 |ddv_scf|^2 =  0.445E-15

     End of self-consistent calculation

     Convergence has been achieved 
 
     Number of q in the star =    1
     List of q in the star:
          1   0.000000000   0.000000000   0.000000000

          Dielectric constant in cartesian axis 

          (        9.33612        0.00000        0.00000 )
          (        0.00000        9.33612        0.00000 )
          (        0.00000        0.00000        9.33612 )

          Effective charges (d Force / dE) in cartesian axis

           atom      1   Al 
      Ex  (        2.12370        0.00000        0.00000 )
      Ey  (        0.00000        2.12370        0.00000 )
      Ez  (        0.00000        0.00000        2.12370 )
           atom      2   As 
      Ex  (       -2.17270        0.00000        0.00000 )
      Ey  (        0.00000       -2.17270        0.00000 )
      Ez  (        0.00000        0.00000       -2.17270 )

     Diagonalizing the dynamical matrix

     q = (    0.000000000   0.000000000   0.000000000 ) 

 **************************************************************************
     omega( 1) =       0.155039 [THz] =       5.171595 [cm-1]
     omega( 2) =       0.155039 [THz] =       5.171595 [cm-1]
     omega( 3) =       0.155039 [THz] =       5.171595 [cm-1]
     omega( 4) =      11.220317 [THz] =     374.271992 [cm-1]
     omega( 5) =      11.220317 [THz] =     374.271992 [cm-1]
     omega( 6) =      11.220317 [THz] =     374.271992 [cm-1]
 **************************************************************************

     Mode symmetry, T_d (-43m)  point group:

     omega(  1 -  3) =          5.2  [cm-1]   --> T_2  G_15 P_4   I+R
     omega(  4 -  6) =        374.3  [cm-1]   --> T_2  G_15 P_4   I+R

 **************************************************************************
 
     PWSCF        :     8.60s CPU

     Called by init_run:

     Called by electrons:
     v_of_rho     :     0.00s CPU

     Called by c_bands:
     init_us_2    :     0.01s CPU (     210 calls,   0.000 s avg)

     Called by *egterg:

     Called by h_psi:
     add_vuspsi   :     0.10s CPU (    5539 calls,   0.000 s avg)

     General routines
     calbec       :     0.23s CPU (   11448 calls,   0.000 s avg)
     cft3         :     0.03s CPU (     148 calls,   0.000 s avg)
     cft3s        :     6.70s CPU (   48558 calls,   0.000 s avg)
     davcio       :     0.01s CPU (    1990 calls,   0.000 s avg)
 
 
     PHONON       :     8.88s CPU time,    9.05s wall time

     INITIALIZATION: 
     phq_setup    :     0.00s CPU
     phq_init     :     0.02s CPU
 
     phq_init     :     0.02s CPU
     init_vloc    :     0.00s CPU
     init_us_1    :     0.01s CPU
 
     DIELECTRIC CONSTANT AND EFFECTIVE CHARGES:
     solve_e      :     3.73s CPU
     dielec       :     0.00s CPU
     zstar_eu     :     0.09s CPU
 
     DYNAMICAL MATRIX:
     dynmat0      :     0.01s CPU
     phqscf       :     4.74s CPU
     dynmatrix    :     0.00s CPU
 
     phqscf       :     4.74s CPU
     solve_linter :     4.72s CPU (       2 calls,   2.362 s avg)
     drhodv       :     0.01s CPU (       2 calls,   0.004 s avg)
 
     dynmat0      :     0.01s CPU
     dynmat_us    :     0.00s CPU
     d2ionq       :     0.00s CPU
 
     dynmat_us    :     0.00s CPU
 
     phqscf       :     4.74s CPU
     solve_linter :     4.72s CPU (       2 calls,   2.362 s avg)
 
     solve_linter :     4.72s CPU (       2 calls,   2.362 s avg)
     dvqpsi_us    :     0.17s CPU (     120 calls,   0.001 s avg)
     ortho        :     0.03s CPU (     510 calls,   0.000 s avg)
     cgsolve      :     7.00s CPU (     510 calls,   0.014 s avg)
     incdrhoscf   :     0.52s CPU (     480 calls,   0.001 s avg)
     vpsifft      :     0.28s CPU (     240 calls,   0.001 s avg)
     dv_of_drho   :     0.03s CPU (      48 calls,   0.001 s avg)
     mix_pot      :     0.02s CPU (      16 calls,   0.002 s avg)
     symdvscf     :     0.15s CPU (      10 calls,   0.015 s avg)
 
     dvqpsi_us    :     0.17s CPU (     120 calls,   0.001 s avg)
     dvqpsi_us_on :     0.00s CPU (     120 calls,   0.000 s avg)
 
     cgsolve      :     7.00s CPU (     510 calls,   0.014 s avg)
     ch_psi       :     6.85s CPU (    5539 calls,   0.001 s avg)
 
     ch_psi       :     6.85s CPU (    5539 calls,   0.001 s avg)
     h_psiq       :     6.50s CPU (    5539 calls,   0.001 s avg)
     last         :     0.33s CPU (    5539 calls,   0.000 s avg)
 
     h_psiq       :     6.50s CPU (    5539 calls,   0.001 s avg)
     firstfft     :     2.83s CPU (   20253 calls,   0.000 s avg)
     secondfft    :     3.12s CPU (   20253 calls,   0.000 s avg)
     add_vuspsi   :     0.10s CPU (    5539 calls,   0.000 s avg)
 
     incdrhoscf   :     0.52s CPU (     480 calls,   0.001 s avg)
 
 
      General routines
     calbec       :     0.23s CPU (   11448 calls,   0.000 s avg)
     cft3         :     0.03s CPU (     148 calls,   0.000 s avg)
     cft3s        :     6.70s CPU (   48558 calls,   0.000 s avg)
     davcio       :     0.01s CPU (    1990 calls,   0.000 s avg)
     write_rec    :     0.04s CPU (      18 calls,   0.002 s avg)
 
