     diagonalizing the dynamical matrix ...

 q =       0.0000      0.0000      0.0000
 **************************************************************************
     omega( 1) =       0.000000 [THz] =      -0.000002 [cm-1]
 (  0.000000   0.000000    -0.707107   0.000000     0.000000   0.000000   )
 (  0.000000   0.000000    -0.707107   0.000000     0.000000   0.000000   )
     omega( 2) =       0.000000 [THz] =      -0.000002 [cm-1]
 (  0.000000   0.000000     0.000000   0.000000    -0.707107   0.000000   )
 (  0.000000   0.000000     0.000000   0.000000    -0.707107   0.000000   )
     omega( 3) =       0.000000 [THz] =       0.000000 [cm-1]
 ( -0.707107   0.000000     0.000000   0.000000     0.000000   0.000000   )
 ( -0.707107   0.000000     0.000000   0.000000     0.000000   0.000000   )
     omega( 4) =      11.219505 [THz] =     374.244903 [cm-1]
 (  0.000000   0.000000     0.000000   0.000000    -0.940852   0.000000   )
 (  0.000000   0.000000     0.000000   0.000000     0.338817   0.000000   )
     omega( 5) =      11.219505 [THz] =     374.244903 [cm-1]
 (  0.000000   0.000000     0.940852   0.000000     0.000000   0.000000   )
 (  0.000000   0.000000    -0.338817   0.000000     0.000000   0.000000   )
     omega( 6) =      12.311509 [THz] =     410.670482 [cm-1]
 ( -0.940852   0.000000     0.000000   0.000000     0.000000   0.000000   )
 (  0.338817   0.000000     0.000000   0.000000     0.000000   0.000000   )
 **************************************************************************
