     diagonalizing the dynamical matrix ...

 q =       0.0000      0.0000      0.0000
 **************************************************************************
     freq (    1) =      -0.000000 [THz] =      -0.000002 [cm-1]
 (  0.000000   0.000000    -0.707107   0.000000     0.000000   0.000000   )
 (  0.000000   0.000000    -0.707107   0.000000     0.000000   0.000000   )
     freq (    2) =      -0.000000 [THz] =      -0.000002 [cm-1]
 ( -0.707107   0.000000     0.000000   0.000000     0.000000   0.000000   )
 ( -0.707107   0.000000     0.000000   0.000000     0.000000   0.000000   )
     freq (    3) =      -0.000000 [THz] =      -0.000002 [cm-1]
 (  0.000000   0.000000     0.000000   0.000000    -0.707107   0.000000   )
 (  0.000000   0.000000     0.000000   0.000000    -0.707107   0.000000   )
     freq (    4) =      12.383369 [THz] =     413.064731 [cm-1]
 (  0.000000   0.000000     0.940848   0.000000     0.000000   0.000000   )
 (  0.000000   0.000000    -0.338828   0.000000     0.000000   0.000000   )
     freq (    5) =      12.383369 [THz] =     413.064731 [cm-1]
 (  0.000000   0.000000     0.000000   0.000000    -0.940848   0.000000   )
 (  0.000000   0.000000     0.000000   0.000000     0.338828   0.000000   )
     freq (    6) =      12.383369 [THz] =     413.064731 [cm-1]
 ( -0.940848   0.000000     0.000000   0.000000     0.000000   0.000000   )
 (  0.338828   0.000000     0.000000   0.000000     0.000000   0.000000   )
 **************************************************************************
