  reading grid info from file dyn0
  reading force constants from file dyn1
 macroscopic fields = T
  13.99782   0.00000   0.00000
   0.00000  13.99782   0.00000
   0.00000   0.00000  13.99782
  na=            1
  -0.07434   0.00000   0.00000
   0.00000  -0.07434   0.00000
   0.00000   0.00000  -0.07434
  na=            2
  -0.07434   0.00000   0.00000
   0.00000  -0.07434   0.00000
   0.00000   0.00000  -0.07434
  nqs=            1
 q=   0.00000000  0.00000000  0.00000000
  reading force constants from file dyn2
  nqs=            8
 q=  -0.25000000  0.25000000 -0.25000000
 q=   0.25000000  0.25000000 -0.25000000
 q=  -0.25000000 -0.25000000 -0.25000000
 q=   0.25000000 -0.25000000  0.25000000
 q=  -0.25000000  0.25000000  0.25000000
 q=   0.25000000 -0.25000000 -0.25000000
 q=  -0.25000000 -0.25000000  0.25000000
 q=   0.25000000  0.25000000  0.25000000
  reading force constants from file dyn3
  nqs=            4
 q=   0.50000000 -0.50000000  0.50000000
 q=   0.50000000  0.50000000  0.50000000
 q=  -0.50000000 -0.50000000  0.50000000
 q=   0.50000000 -0.50000000 -0.50000000
  reading force constants from file dyn4
  nqs=            6
 q=   0.00000000  0.50000000  0.00000000
 q=   0.00000000 -0.50000000  0.00000000
 q=   0.50000000  0.00000000  0.00000000
 q=   0.00000000  0.00000000  0.50000000
 q=  -0.50000000  0.00000000  0.00000000
 q=   0.00000000  0.00000000 -0.50000000
  reading force constants from file dyn5
  nqs=           24
 q=   0.75000000 -0.25000000  0.75000000
 q=  -0.75000000 -0.25000000 -0.75000000
 q=   0.75000000 -0.25000000 -0.75000000
 q=  -0.75000000 -0.25000000  0.75000000
 q=  -0.75000000  0.25000000 -0.75000000
 q=  -0.25000000  0.75000000 -0.75000000
 q=  -0.75000000  0.75000000 -0.25000000
 q=   0.25000000  0.75000000  0.75000000
 q=  -0.75000000 -0.75000000  0.25000000
 q=   0.75000000  0.75000000  0.25000000
 q=   0.75000000 -0.75000000 -0.25000000
 q=  -0.25000000  0.75000000  0.75000000
 q=   0.25000000  0.75000000 -0.75000000
 q=  -0.25000000 -0.75000000 -0.75000000
 q=  -0.75000000  0.25000000  0.75000000
 q=   0.75000000  0.75000000 -0.25000000
 q=   0.75000000 -0.75000000  0.25000000
 q=  -0.75000000 -0.75000000 -0.25000000
 q=  -0.75000000  0.75000000  0.25000000
 q=   0.75000000  0.25000000  0.75000000
 q=   0.25000000 -0.75000000  0.75000000
 q=   0.75000000  0.25000000 -0.75000000
 q=  -0.25000000 -0.75000000  0.75000000
 q=   0.25000000 -0.75000000 -0.75000000
  reading force constants from file dyn6
  nqs=           12
 q=   0.50000000  0.00000000  0.50000000
 q=  -0.50000000  0.00000000  0.50000000
 q=  -0.50000000  0.00000000 -0.50000000
 q=   0.50000000  0.00000000 -0.50000000
 q=   0.00000000  0.50000000 -0.50000000
 q=  -0.50000000  0.50000000  0.00000000
 q=   0.00000000  0.50000000  0.50000000
 q=  -0.50000000 -0.50000000  0.00000000
 q=   0.50000000  0.50000000  0.00000000
 q=   0.50000000 -0.50000000  0.00000000
 q=   0.00000000 -0.50000000 -0.50000000
 q=   0.00000000 -0.50000000  0.50000000
  reading force constants from file dyn7
  nqs=            3
 q=   0.00000000 -1.00000000  0.00000000
 q=  -1.00000000  0.00000000  0.00000000
 q=   0.00000000  0.00000000 -1.00000000
  reading force constants from file dyn8
  nqs=            6
 q=  -0.50000000 -1.00000000  0.00000000
 q=   0.50000000  1.00000000  0.00000000
 q=   0.00000000  1.00000000 -0.50000000
 q=   0.00000000  1.00000000  0.50000000
 q=  -1.00000000 -0.50000000  0.00000000
 q=   0.00000000 -0.50000000 -1.00000000

      q-space grid ok, #points =   64

      fft-check success (sum of imaginary terms < 10^-12)
