
     Program DOS v.7.3.1 starts on  5Oct2024 at 21:54:45 

     This program is part of the open-source Quantum ESPRESSO suite
     for quantum simulation of materials; please cite
         "P. Giannozzi et al., J. Phys.:Condens. Matter 21 395502 (2009);
         "P. Giannozzi et al., J. Phys.:Condens. Matter 29 465901 (2017);
         "P. Giannozzi et al., J. Chem. Phys. 152 154105 (2020);
          URL http://www.quantum-espresso.org", 
     in publications or presentations arising from this work. More details at
     http://www.quantum-espresso.org/quote

     Parallel version (MPI & OpenMP), running on       2 processor cores
     Number of MPI processes:                 2
     Threads/MPI process:                     1

     MPI processes distributed on     1 nodes
     R & G space division:  proc/nbgrp/npool/nimage =       2
     508832 MiB available memory on the printing compute node when the environment starts


     Reading xml data from directory:

     ./diamond.save/

     IMPORTANT: XC functional enforced from input :
     Exchange-correlation= PBE
                           (   1   4   3   4   0   0   0)
     Any further DFT definition will be discarded
     Please, verify this is what you really want


     Parallelization info
     --------------------
     sticks:   dense  smooth     PW     G-vecs:    dense   smooth      PW
     Min         156     126     42                 1847     1318     267
     Max         157     127     43                 1848     1319     270
     Sum         313     253     85                 3695     2637     537

     Using Slab Decomposition


     Tetrahedra used


     DOS          :      3.40s CPU      3.42s WALL


   This run was terminated on:  21:54:49   5Oct2024            

=------------------------------------------------------------------------------=
   JOB DONE.
=------------------------------------------------------------------------------=
